  [1m[35m (1494.8ms)[0m  [1m[35mCREATE TABLE "schema_migrations" ("version" character varying NOT NULL PRIMARY KEY)[0m
  [1m[35m (153.4ms)[0m  [1m[35mCREATE TABLE "ar_internal_metadata" ("key" character varying NOT NULL PRIMARY KEY, "value" character varying, "created_at" timestamp NOT NULL, "updated_at" timestamp NOT NULL)[0m
  [1m[35m (76.1ms)[0m  [1m[34mSELECT pg_try_advisory_lock(7060022447661264270)[0m
  [1m[35m (1.3ms)[0m  [1m[34mSELECT "schema_migrations"."version" FROM "schema_migrations" ORDER BY "schema_migrations"."version" ASC[0m
Migrating to CreateAirlines (20200915002612)
  [1m[35m (0.3ms)[0m  [1m[35mBEGIN[0m
  [1m[35m (898.6ms)[0m  [1m[35mCREATE TABLE "airlines" ("id" bigserial primary key, "name" character varying, "slug" character varying, "image_url" character varying, "created_at" timestamp NOT NULL, "updated_at" timestamp NOT NULL)[0m
  [1m[35mSQL (0.9ms)[0m  [1m[32mINSERT INTO "schema_migrations" ("version") VALUES ($1) RETURNING "version"[0m  [["version", "20200915002612"]]
  [1m[35m (71.0ms)[0m  [1m[35mCOMMIT[0m
Migrating to CreateReviews (20200915002835)
  [1m[35m (39.9ms)[0m  [1m[35mBEGIN[0m
  [1m[35m (158.0ms)[0m  [1m[35mCREATE TABLE "reviews" ("id" bigserial primary key, "title" character varying, "description" character varying, "score" integer, "airline_id" bigint, "created_at" timestamp NOT NULL, "updated_at" timestamp NOT NULL, CONSTRAINT "fk_rails_3a3d57cfdb"
FOREIGN KEY ("airline_id")
  REFERENCES "airlines" ("id")
)[0m
  [1m[35m (20.7ms)[0m  [1m[35mCREATE  INDEX  "index_reviews_on_airline_id" ON "reviews"  ("airline_id")[0m
  [1m[35mSQL (5.1ms)[0m  [1m[32mINSERT INTO "schema_migrations" ("version") VALUES ($1) RETURNING "version"[0m  [["version", "20200915002835"]]
  [1m[35m (10.0ms)[0m  [1m[35mCOMMIT[0m
  [1m[36mActiveRecord::InternalMetadata Load (2.7ms)[0m  [1m[34mSELECT  "ar_internal_metadata".* FROM "ar_internal_metadata" WHERE "ar_internal_metadata"."key" = $1 LIMIT $2[0m  [["key", "environment"], ["LIMIT", 1]]
  [1m[35m (7.8ms)[0m  [1m[35mBEGIN[0m
  [1m[35mSQL (1.1ms)[0m  [1m[32mINSERT INTO "ar_internal_metadata" ("key", "value", "created_at", "updated_at") VALUES ($1, $2, $3, $4) RETURNING "key"[0m  [["key", "environment"], ["value", "development"], ["created_at", "2020-09-15 00:31:29.243379"], ["updated_at", "2020-09-15 00:31:29.243379"]]
  [1m[35m (2.4ms)[0m  [1m[35mCOMMIT[0m
  [1m[35m (0.5ms)[0m  [1m[34mSELECT pg_advisory_unlock(7060022447661264270)[0m
  [1m[35m (1.1ms)[0m  [1m[34mSELECT "schema_migrations"."version" FROM "schema_migrations" ORDER BY "schema_migrations"."version" ASC[0m
  [1m[35m (1.4ms)[0m  [1m[34mSELECT "schema_migrations"."version" FROM "schema_migrations" ORDER BY "schema_migrations"."version" ASC[0m
  [1m[35m (0.2ms)[0m  [1m[35mBEGIN[0m
  [1m[35mSQL (56.8ms)[0m  [1m[32mINSERT INTO "airlines" ("name", "slug", "image_url", "created_at", "updated_at") VALUES ($1, $2, $3, $4, $5) RETURNING "id"[0m  [["name", "United Airlines"], ["slug", "united-airlines"], ["image_url", "https://open-flights.s3.amazonaws.com/United-Airlines.png"], ["created_at", "2020-09-16 00:25:00.039476"], ["updated_at", "2020-09-16 00:25:00.039476"]]
  [1m[35m (42.9ms)[0m  [1m[35mCOMMIT[0m
  [1m[35m (1.2ms)[0m  [1m[35mBEGIN[0m
  [1m[35mSQL (0.6ms)[0m  [1m[32mINSERT INTO "airlines" ("name", "slug", "image_url", "created_at", "updated_at") VALUES ($1, $2, $3, $4, $5) RETURNING "id"[0m  [["name", "Southwest"], ["slug", "southwest"], ["image_url", "https://open-flights.s3.amazonaws.com/Southwest-Airlines.png"], ["created_at", "2020-09-16 00:25:00.349507"], ["updated_at", "2020-09-16 00:25:00.349507"]]
  [1m[35m (0.9ms)[0m  [1m[35mCOMMIT[0m
  [1m[35m (0.3ms)[0m  [1m[35mBEGIN[0m
  [1m[35mSQL (0.7ms)[0m  [1m[32mINSERT INTO "airlines" ("name", "slug", "image_url", "created_at", "updated_at") VALUES ($1, $2, $3, $4, $5) RETURNING "id"[0m  [["name", "Delta"], ["slug", "delta"], ["image_url", "https://open-flights.s3.amazonaws.com/Delta.png"], ["created_at", "2020-09-16 00:25:00.354626"], ["updated_at", "2020-09-16 00:25:00.354626"]]
  [1m[35m (1.2ms)[0m  [1m[35mCOMMIT[0m
  [1m[35m (0.2ms)[0m  [1m[35mBEGIN[0m
  [1m[35mSQL (0.6ms)[0m  [1m[32mINSERT INTO "airlines" ("name", "slug", "image_url", "created_at", "updated_at") VALUES ($1, $2, $3, $4, $5) RETURNING "id"[0m  [["name", "Alaska Airlines"], ["slug", "alaska-airlines"], ["image_url", "https://open-flights.s3.amazonaws.com/Alaska-Airlines.png"], ["created_at", "2020-09-16 00:25:00.360248"], ["updated_at", "2020-09-16 00:25:00.360248"]]
  [1m[35m (0.6ms)[0m  [1m[35mCOMMIT[0m
  [1m[35m (0.2ms)[0m  [1m[35mBEGIN[0m
  [1m[35mSQL (0.6ms)[0m  [1m[32mINSERT INTO "airlines" ("name", "slug", "image_url", "created_at", "updated_at") VALUES ($1, $2, $3, $4, $5) RETURNING "id"[0m  [["name", "JetBlue"], ["slug", "jetblue"], ["image_url", "https://open-flights.s3.amazonaws.com/JetBlue.png"], ["created_at", "2020-09-16 00:25:00.364783"], ["updated_at", "2020-09-16 00:25:00.364783"]]
  [1m[35m (1.2ms)[0m  [1m[35mCOMMIT[0m
  [1m[35m (0.2ms)[0m  [1m[35mBEGIN[0m
  [1m[35mSQL (0.5ms)[0m  [1m[32mINSERT INTO "airlines" ("name", "slug", "image_url", "created_at", "updated_at") VALUES ($1, $2, $3, $4, $5) RETURNING "id"[0m  [["name", "American Airlines"], ["slug", "american-airlines"], ["image_url", "https://open-flights.s3.amazonaws.com/American-Airlines.png"], ["created_at", "2020-09-16 00:25:00.369842"], ["updated_at", "2020-09-16 00:25:00.369842"]]
  [1m[35m (0.6ms)[0m  [1m[35mCOMMIT[0m
  [1m[36mAirline Load (0.6ms)[0m  [1m[34mSELECT  "airlines".* FROM "airlines" ORDER BY "airlines"."id" DESC LIMIT $1[0m  [["LIMIT", 1]]
  [1m[36mAirline Load (0.9ms)[0m  [1m[34mSELECT  "airlines".* FROM "airlines" ORDER BY "airlines"."id" ASC LIMIT $1[0m  [["LIMIT", 1]]
  [1m[35m (39.1ms)[0m  [1m[34mSELECT "reviews"."id" FROM "reviews" WHERE "reviews"."airline_id" = $1[0m  [["airline_id", 1]]
